ser	Um debate vivo que , não fora a hora , prolongar-se-ia por muito tempo .
n-é-verbo	Francisco Ceia e o Rancho Folclórico S. João de Casal Comba animaram a festa que prosseguiu pela tarde fora .
n-é-verbo	A luta ' pelo Emprego com direitos , por uma Europa de progresso social , paz e cooperação ', é uma luta em que convergem amplas forças sociais e políticas por essa Europa fora .
ser	Em termos práticos , regressava-se , assim , aos tempos idos em que os trabalhadores portuários eram contratados , dia a dia , « à tarefa » , sempre à revelia do Estatuto que fora conquistado pelas lutas de 1947 (e que acabara com o trabalho precário « legal » ) mas só tomara forma de lei em 1967, portanto -- para voltar a ser abolido pelo governo de Thatcher em 1989 !
n-é-verbo	Ou seja , suspendam -- mas não esqueçam nem deitem fora -- toda esse ping-pong exaltado e febril sobre « virgens ofendidas » , « descompensados » , « gelatina política » , « idiosincracia de instabilidade » , « mercado abastecedor de intriga política » , « teatro de má qualidade » , « desonestidade política » , « amuos » e « traquinices de fim-de-semana .
ser	Por isso é que , de repente , quais actores a quem de súbito faltaram as deixas , todos começaram a dizer que sim senhor , o emprego , pois claro , há que reflectir , como não , sempre fora esse o entendimento e a preocupação , os trabalhadores e os povos , a Europa social , coisa e tal , blá , blá ...
ser	Até os portugueses , de Guterres a Sousa Franco , vieram prontamente afirmar que o emprego sempre fora a suprema preocupação , pelo que só restava aplaudir os intrépidos gauleses , esquecidas aparentemente todas as perorações ao país sobre as virtudes da moeda única e dos sacrifícios da convergência para a dita .
ser	O que aconteceu foi que os governos nacionais aplicaram o conhecimento que lhes fora legado por Keynes e os seus seguidores e geriram as economias nacionais por forma a estimular a procura quando esta estava a cair e reduzi-la quando aumentava demasiado depressa , por forma a manter um nível de emprego constante .
n-é-verbo	Mas seria errado pensar que esta promiscuidade entre a política e o desporto profissional é uma especificidade madeirense e que não existem outras situações bem lamentáveis , em muitos municípios de maioria PS , PSD , ou Pp , por esse país fora .
ser	Hong Kong fora cedida « perpetuamente » à Grã-Bertanha após a Guerra do Ópio (1840-42) e os chamados « Novos Territórios » , na parte continental , « arrendados » por um período de 99 anos , a partir de 1 de Julho de 1898 .
ser	A FO , de que é presidente Carlos Monjardino , fora acusada num relatório da Assembleia Legislativa de Macau de ter recebido verbas superiores ao establecído , totalizando 33 milhões de contos em meia dúzia de anos , retirados na maioria de Macau , em desrespeito dos respectivos estatutos e sem ' qualquer objectivo de permanência no território para além da data da transferência da Administração ' .
n-é-verbo	Mas , é verdade também que , como V. Ex .ª sabe , se passaram situações idênticas em dezenas de outras Câmaras por esse país fora -- nomeadamente , e para não irmos mais longe , ali em Sintra , ou , se quisermos ir mais longe , no Porto e em Gondomar .
ser	Que era residente nos Açores , onde tinha um filho de quatro anos , e por isso mesmo pedira em vão que o cumprimento da pena a que fora condenado decorresse numa prisão da ilha de origem , o que o lhe permitiria ver o garoto durante as visitas a que tinha direito .
n-é-verbo	Para Carlos Carvalhas , cuja intervenção publicamos em separado , « a intervenção dos povos e dos trabalhadores , das forças de esquerda e dos sindicatos , as grandes movimentações sociais , o protesto e a luta fora e dentro das instituições mostram , na verdade , que este é o caminho e o alicerce mais sólido para a construção de uma Europa democrática , de 'emprego , paz e solidariedade ' " .
n-é-verbo	A intervenção dos povos e dos trabalhadores , das forças de esquerda e dos sindicatos , as grandes movimentações sociais , o protesto e a luta fora e dentro das instituições mostram , na verdade , que este é o caminho e o alicerce mais sólido para a construção de uma Europa democrática , de 'emprego , paz e solidariedade ' .
n-é-verbo	A verdade é que o ministro Jorge Coelho surge neste Verão como um autêntico bombeiro , a acorrer pelo país fora aos diversos focos de incêndio que vão mordendo de forma cada vez mais visível a imagem governativa .
n-é-verbo	Ministros , Secretários de Estado , Governadores Civis , Presidentes das CCR’s e candidatos do PS a Câmaras Municipais , confundem-se uns com os outros a distribuir promessas e cheques por esse país fora .
n-é-verbo	Vai ser uma tarefa muito difícil , porque , na 'modernização ' do PS , António Guterres deitou fora a água do banho e o menino !
ser	como se isto fora pouco , acresce que os tempos vão mal para os banhos de multidão .
n-é-verbo	José Vieira considera ainda que não se pode deitar fora esta oportunidade e que o concelho só tem a ganhar com a sua eleição .
ser	Em Clabecq , uma situação de luta contra a desaparição das 'Forjas ' identificadoras da cidade e região arrastava-se , depois do grande salto que fora uma manifestação em que dezenas de milhares de pessoas se manifestaram na pequena cidade , solidárias com a situação das famílias dependentes das centenas de postos de trabalho em risco .
ser	Que não fechassem aquelas instalações fabris de ponta , que os trabalhadores tinham viabilizado cedendo direitos e regalias , cumprindo tudo o que lhes fora sendo apresentado .
?	Não fora por outras razões , bastaria o ponto de encontro e reencontro que representa , o convívio , a troca de .
n-é-verbo	Nunca pensei assistir em Portugal e numa reunião destas a cenas de punhos no ar e gritos « fora , comunista !
n-é-verbo	Na sua ânsia de captar ou de não perder votos não vêem -- ou fingem não ver -- a enormidade , do ponto de vista democrático , daquilo que afirmam por esse país fora .
n-é-verbo	Por isso , cá por mim , aproveito o botão do videogravador para , tentando preservar a saúde , desandar pela cassette fora e ver , dos telejornais , apenas aquilo que me interessa e já nos querem fazer crer que é muito pouco .
ser	Não fora a inglória e surpreendente perda da maioria no concelho de Vila do Bispo o que de algum modo ensombrou este importante êxito , e estava-se perante um resultado eleitoral histórico , de maior significado ainda .
n-é-verbo	Não é perguntado nada o que se discute e do que faz cair governos no poder por essa Europa fora .
ser	Em 1 de Setembro , seis meses após o derrubamento da autocracia czarista , a Rússia fora proclamada república .
ser	A Assembleia Constituinte fora sucessivamente adiada -- provavelmente seria adiada mais uma vez , até que o povo estivesse suficientemente calmo -- , talvez para modificar as suas reivindicações !
ser	continuamos aqui a falar das datas do antigo calendário russo , atrasado 13 dias do actual , que já fora adoptado pela grande maioria dos países ocidentais .
ser	Já no Distrito de Évora , o cabeça de lista a Portel , Norberto Patinho foi nomeado Coordenador do Centro de Área Educativa do Alentejo Central (Dr nº 204, de 3/9/96) e em Évora , José Ernesto d ’ Oliveira , cabeça de lista à Cm , em 1996 fora nomeado vice-presidente da Comissão Coordenadora da Região do Alentejo e em Julho deste ano , passou a presidente da mesma Comissão .
ser	E se então o nosso orgulho fora estimulado pela emissão de uma televisão estrangeira , agora foi a RTP 2 que nos recordou , de uma outra maneira , o autor da obra que servira de móbil ao filme , aquele que foi um dos maiores poetas portugueses deste século e cujo inconformismo e desejo de liberdade empurrou , como tantos outros , para o exílio .
ser	De facto , não fora a pronta acção das autarquias , serviços de bombeiros e dos populares e o número de vítimas a lamentar seria certamente muito mais elevado .
ser	Ao tomar posse , a nova direcção deparou com a existência de um contrato revisto para a generalidade da banca , mas cujo acordo de revisão não fora subscrito pelo BCP/BPA .
n-é-verbo	E Carvalhas , que se referiu não apenas à prática política do PS no concelho mas à política do PS no Governo , sublinhou que a campanha da CDU , dos comunistas e dos seus aliados , se distingue por ser dirigida às pessoas , ao seu coração e à sua inteligência , por ter ideais e projectos que se não deitam fora após as eleições .
ser	o programa , que era o quinto da série , fora transmitido já perto das três da madrugada e o corpo não é de ferro .
n-é-verbo	Quando cheguei ao fim , porém , percebi claramente que não podia deitar fora a admirável sequência de imagens que constituíam o « finale » quase épico , verdadeiramente empolgante , imaginado pelo talento de Luís Filipe Costa , realizador do programa .
ser	prática , no terreno , que fora edificado em seu nome .
ser	Até que a experiência podia ter sido feliz , não fora dar-se o caso do fanatismo e crueldade do monarca espanhol ter levado rapidamente o país à decadência mais profunda .
ser	A talhe de foice A.alhe De Foice Noves fora T.inta e seis mil e quinhentos contos por trezentas famílias , ora deixa ver , e vai um .
n-é-verbo	36500 contos por 300 famílias , ora deixa ver , e vai um , noves fora ...
n-é-verbo	O que importa mesmo dizer é que isto é só o princípio , porque no total a ajuda governamental vai ser de 230 mil contos para um conjunto de mil quinhentas e doze famílias , o que dá uma média , ora vejamos , e vão cinco , nove fora ...
n-é-verbo	E coisa notável porque conseguida em simultâneo com o cumprimento dos critérios de Maastricht e ao arrepio do que sucede por essa Europa fora , em que moeda única tem significado mais desemprego .
ser	Único docente universitário timorense a trabalhar na Indonésia , o professor já anteriormente fora acusado pela polícia de proteger estudantes ligados à luta pela independência de Timor.
ser	É sintomático que Annan tenha afirmado , após um encontro com Bill Richardson , o representante norte-americano no Conselho de Segurança , esperar « que os iraquianos se submetam e que não tenhamos de recorrer à força como último meio » , sobretudo tendo em conta que a questão nem sequer fora discutida no Conselho de Segurança .
ser	E essa não fora uma ordem mundial muito boa » .
ser	o desfecho já fora anunciado na imprensa através de títulos como o da primeira página do Diário de Notícias desse dia , afirmando .
ser	Assembleia da República , com a presença dos ministros da Economia e da Agricultura , e a 22 de Janeiro fora ouvida a Direcção da Casa do Douro.
ser	A nota do governo cubano esclareceu entretanto que , relativamente a 70 dos cidadãos para os quais , a pedido das famílias , era solicitada clemência , o apelo não fora atendido .
ser	Eu próprio , quando fui despachado para o Campo do Tarrafal , já tinha terminado a pena que me fora aplicada pelo Tribunal Militar Especial havia dois meses , mas outros houve como Manuel Alpedrinha , Alfredo Caldeira , Fernando Quirino , etc ., que tinham terminado as penas havia muito mais tempo .
ser	30 horas da manhã e membros daquele organismo e da própria célula da Sodia distribuíam à porta das instalações fabris o comunicados cujo teor fora divulgado na véspera em conferência de imprensa .
n-é-verbo	Por esse Partido fora Na Suíça , as comemorações do 77º aniversário tiveram um carácter amplamente unitário , contando com a participação não só .
n-é-verbo	Silva refutou a ideia de que a empresa não tem futuro e sublinhou que os trabalhadores não podem ser deitados fora como trapos velhos ou peças gastas.
n-é-verbo	A preparação do Congresso assentou , durante meses em centenas de reuniões pelo País fora , na constituição de amplas Comissões Distritais , Grupos de Trabalho , Comissões Coordenadoras e uma Comissão Nacional com cerca de 500 elementos de todas as zonas do País .
n-é-verbo	de um modo tão magistral evocou na abertura do Manifesto , vai continuar certamente a inquietar , pelo século XXI fora e até à sua superação , a injusta desordem social vigente .
ser	a Inspecção do Trabalho , chamada a intervir pelo sindicato , compareceu tarde e num momento em que a tentativa patronal de substituir grevistas por trabalhadores estranhos ao hotel , ainda que ilegal , já teria produzido efeitos , não fora a firme intervenção dos piquetes .
ser	Nunca saberiam que fora o próprio Pato a passar a informação num pedaço de papel enrolado num milo de pão , que um servente da prisão recolheria no seu serviço de limpeza e nas barbas do guarda vigilante para , mais tarde , o fazer chegar ao Partido ...
ser	Aos 29 m ., a marca passou para 1-1, na transformação dum livre por Travassos , que fora carregado Irregularmente a uns 20 metros da baliza e que chamou a si a execução do castigo , entrando a bola directamente nas redes , com um « tiro » fortíssimo , quase idêntico ao do primeiro golo .
n-é-verbo	Dois remates de Cabrita proporcionaram boas defesas a Sebastião , e outros tantos levaram a bola a sair fora , tendo também Eminêncio feito um remate de cabeça , que se revesti-a de certo perigo .
ser	O trabalho de Borques Leal foi equilibrado , tendo como único senão a validação do segundo golo do Boavista , que fora precedido de flagrante deslocação .
ser	Deixou seguir o jogo , mas não se esqueceu de ir fazer a necessária advertência ao jogador em falta , para que este soubesse que ela só não fora punida para evitar um benefício .
ser	Ben David , aproveitando na queda uma bola que lhe fora passada de trás , sem ver as balizas , atirou por instinto , mas com convicção , tornando impossível a intervenção do surpreendido guardião antagonista .
n-é-verbo	Para que o leitor possa avaliar melhor das probabilidades de cada equipa até final do torneio , apresentamos um quadro no qual se indicam os adversários que cada clube terá de defrontar nas duas ultimas jornadas , em « casa » e « fora » , mencionando-se as classificações de momento , a média de golos e o número de pontos obtidos até agora .
ser	Ou , então , a atitude do Sr. Armando Sampaio seria vista com a maior simpatia e alto testemunho do seu zelo pela tarefa que lhe fora confiada?! ...
ser	E a classe , em desporto , significa um virtuosismo que , se tem muito de habilidade natural , tem muito mais de conhecimento adquirido , para as diferenciar , a habilidade e o conhecimento talvez fora mais exacto falar em estilo e em técnica ...
ser	O seu case fora afinai o acaso da semana » e , assim o campo « Francisco Gomes Socorro » registou apreciável assistência , mais para ver o grupo do que o jogo uma turma de friso bem proporcionado equipada de preto a recordar , no aspecto geral , a presença da « Briosas .
ser	Cesário esteve bem na primeira parte depois falhou alguns encaixes que se não fora a pronta intervenção de Palmeira , lhe poderiam ter sido fatais os defesas , houve acerto , especial sente por parte de Palmeira .
ser	Ora este último não fora notificado do facto e só podia considerar o novo interveniente como um estranho , que estava ali a mais , e que devia ser mandado retirar , embora depois fosse autorizado o seu ingresso .
ser	Como o jogo fora interrompido por uma causa estranha , a partida teria de recomeçar com « bola ao solo » , como sempre sucede depois duma suspensão temporária por qualquer motivo não indicado taxativamente nas Leis.
ser	Travaços ainda falhou um remate a uma bola que lhe fora passada por Vasques , mas Barrigana defendeu com perigo remates de Walsh e Coad .
ser	O segundo caso que motiva os nossos reparos , passou-se quase na altura do intervalo , quando Jesus Correia corria para a baliza adversária , atrás de uma bola que lhe fora endossada por um companheiro .
n-é-verbo	Em prova tão pequena , perder em casa e não ganhar fora significa exclusão .
ser	O empate , todavia , durou momentos apenas , e o « caso » veio a ser resolvido , contra o que é habitual nas peripécias do jogo , em benefício do grupo que o consentira ou fora obrigado a consentir !
ser	Mal de todos nós , se assim não fora !
ir	O Barrosa que tantas penalidades fora , irremediavelmente , transformando e que , cuidadosamente , se tinha preparado para esta eventualidade , fez passar a bola a um escasso palmo do poste , ao mesmo tempo que , num gesto de desespero compreensível , se arremessava para terra , chorando a sua desdita e desdita de todos os portugueses que silenciosamente o seguiam .
n-é-verbo	Quando me dirigia para a grande área , fui chamado para marcar a penalidade , Ascensi procurou enervar-me dizendo-me que iria atirar a bola fora .
n-é-verbo	Entretanto , o Campeonato Nacional recomeçou por esse País fora , com entusiasmo extraordinário , apesar de já não oferecer grandes duvidas o nome do Campeão de 1950 .
ser	E , se não fora a chuva que caiu com o ponto final de alguns desafios , assim como a leve deselegância de algum publico a que já aludimos , teria merecido inteiramente a pena este recomeço do torneio .
ser	Se não fora este percalço teria de me considerar encantado com a viagem .
n-é-verbo	Embora com frequentes interrupções originadas com bolas fora , pelas linhas laterais , o jogo depressa começou a ter maior movimentação em virtude da ascendência imposta gradualmente pelo ataque leonino .
ser	O Oriental , também correspondeu aos vaticínios de triunfo e rectificou o empate que lhe fora imposto em Viseu , no jogo da primeira « mão » , mas o resultado alcançado teve um tanto de surpresa pelo volume do « score » , que certamente não estava nas suas previsões .
ir	Os suíços , justamente orgulhosos da proeza cometida contra os brasileiros (2-2) -- proeza que constituiu um dos factos mais sensacionais do presente campeonato , porque a Suíça fora até ao Brasil sem pretensões de qualquer espécie , e levada , quase só pelo desejo assegurar a participação do Brasil no campeonato mundial de 1954, a disputar na Suíça -- não quiseram deslustrar o brilho desse resultado , evitando qualquer surpresa dos mexicanos .
ser	Os italianos , afastados prematuramente , em virtude da imprevista derrota que sofreram na jornada de estreia contra os suecos , quiseram terminar condignamente a sua participação na prova , mostrando-se à altura da categoria de « favoritos » que lhes fora atribuída mercê das duas vitórias anteriores , nos campeonatos mundiais de 1934 e 1938 .
n-é-verbo	A III Divisão é ainda o mesmo « passatempo » antigo , baseado em torneios regionais disputados em « poule » , cujos vencedores em seguida , por eliminatórias ao « deita fora » se comem uns aos outros , como os grilos do Padre Patagónia !
n-é-verbo	Este complexo de inferioridade tem-se mantido pelos anos fora , com um incidente a assinalar-lhe uma solução de continuidade que , por muito próxima , não podemos ainda saber se se trata , ou não , de reacção meramente esporádica .
n-é-verbo	Jacinto perseguiram uma bola já sobre e linha lateral acabando por sair fora , mas Jacinto , levado pelo entusiasmo tentou jogá-la , já com Narciso desinteressado do lance , mas ainda interessado na bola para o lançamento da linha lateral .
n-é-verbo	Esta estivera fora bem um metro .
n-é-verbo	Lançar bolas fora ou demorar os despachos , para ganhar tempo , são tácticas clássicas , que os grupos empregam quando estão a ganhar .
ser	Por exemplo , Vieira aos sete minutos apareceu sozinho em frente de Bastos e não fora a decisão deste , já então o Estoril abriria o activo .
n-é-verbo	O Benfica viveu , portanto , daquilo que o adversário consentia , por uma bola fora , por passe imperfeito , etc .
n-é-verbo	Santos Marques , como auxiliar , teve um erro e numa bola fora que não assinalou , mas a bandeira prendeu-se-lhe nos pés .
ser	Momentos depois , Borques Leal viu-se forçado a trocar os lugares dos seus acólitos porquanto a atitude de Martins Correia não fora bem recebida por determinado sector do peão ...
ser	Foi bem vencido e se não fora a excelente actuação de Marques , Palmeira , Abel e Cesário decerto teria sofrido maior número de golos .
ser	Se nos fora permitido forragear em terras de D. Quixote , haveríamos de pedir a Sancho Pança um dos seus luminosos adágios , já que o bom do escudeiro não sabia exprimir-se de guisa diferente .
ser	Depois , no segundo tempo , parece ter havido outra grande penalidade contra os lisboetas , que passou também em julgado , O.ance não foi muito claro , mas pareceu-nos que a bola fora jogada deliberadamente com a mão , salvo erro , por Juvenal .
ser	Nada fora esquecido para conseguir que o jogador , ao sábado , entrasse no campo em tão perfeita condição como os puros sangues ao alinharem no célebre « Derby » .
ser	No último quarto de hora da partida , o largado Canário-Vasques Jesus Correia vivem , é certo , das habituais iniciativas do magnífico médio leonino , e exibiu-se de molde a lembrar algumas jogadas inesquecíveis desse sector do ataque dos campeões nacionais , mas o comportamento anterior de Carlos Canário fora discreto , por via do desgaste originário nas atribulações dos preparativos da sua festa , e também porque a posição de Vasques , quase em « ponta-de-lança » , e obriga inevitavelmente a despender maior actividade .
n-é-verbo	O rendimento do jogador e da equipa , sobretudo para certos tipos de jogador , e para certos tipos de equipa varia de jogo para jogo , de hora para hora , de dia para a noite , se está chuva , se está calor , se joga em « casa » , se joga fora , se ocorreu isto , ou não ocorreu aquilo , e , tudo somado , concorre para que a oscilação da « forma » , e , mais claramente , de produção , seja o mais desconcertante possível ...
n-é-verbo	Se não fora isto e , até , se o eventual guarda-redes que tiver de alinhar conseguir manter-se à altura das necessidades do grupo , os portuenses terão decerto uma par tida difícil , por não lhes ser possível , dadas as características do campo , tirar partido da sua superioridade técnica revelada nestes jogos da « Taça Maia de Loureiro » .
n-é-verbo	Realizaram os vimaranenses , durante esse período , dois jogos-treinos contra as vizinhas equipas do Sporting e F.C. de Fafe e dois encontros formais contra o Boavista , cujos resultados são naturalmente do conhecimento dos leitores -- vitória em casa , derrota fora .
ser	Não fora o « Documentário » que enviámos , há dias , para « A.ola » e que ficou de conserva para o próximo sábado , por motivos óbvios , e ainda e especialmente o anuncio do próximo artigo do Cândido de Oliveira , que não sabia das nossas notas , em redor do mesmo assunto , e começaríamos esta crónica com certas considerações sol a importância dos árbitros no futuro do futebol português .
n-é-verbo	Um bom golo , uma excelente abertura de Francisco Ferreira a Arsénio , ligeiramente descaída para o interior-esquerdo ; a defesa dos estudantes hesitou , a ver se era « fora ele jogo » , o hábil interior-esquerdo do Benfica , célere sem hesitação , acorreu e viu-se isolado em frente de Capela e não teve dificuldades em marcar .
n-é-verbo	Mas os portuenses , nos últimos tempos , parecem ter perdido o complexo de inferioridade de jogar fora , que durante muitos anos os comprometera sobretudo sempre que atravessavam o Mondego , com rumo ao Sul ...
n-é-verbo	A asa direita do ataque começou muito bem (logo na avançada inicial , um magnífico passe de Travassos teve continuação condigna em Jesus Correia , mas a bola esbarrou no poste pelo lado de fora) , porém esse princípio prometedor não teve seguimento .
ir	Narciso marcou o « canto » , passando a Rebelo , que se fora postar perto do bico da grande área e , visivelmente , com essa intenção .
ser	E veio o segundo golo , numa altura em que , se fora o Benfica a marcar , não haveria que duvidar da vitória dos visitantes .
ser	Ou duas fugas poderosas de Virgílio pelo seu corredor , como se andasse em feudo de que fora suserano incontestado ...
ser	Se não fora assim , se todos os lances fossem tão perfeitos que o adversário nunca pudesse malográ-los , o futebol perderia grande parte da sua beleza , porque , inclusive , se anularia a noção da dificuldade logo que se verificasse que cada avançada se iniciava e concluía sem oposição !
ser	Realmente , o « onze do Madrid » opôs hoje tão séria e brilhante resistência , que , durante quase todo o encontro , nunca se desvaneceu no público a esperança da derrota do River ; a despeito da revelação da sua técnica mais apurada e do seu jogo tão claramente trabalhado como se fora obra de filigrana .
n-é-verbo	E porque os portuenses nunca renunciaram ao ataque , jamais se deixando subjugas (a fora a última dezena de minutos) perante a tarde de inspiração dos contrários , acabaram por merecer a honra de dignos vencidos , e vencidos sem apelo nem agravo , embora no final viessem a contestar o resultado do jogo .
ser	Não fora ele , com o seu arrojo , a sua decisão , os seus reflexos , a sua limita experiência e o « regresso » da dianteira benfiquista ao primeiro plano , poderia ter ficado para a história do « Nacional » .
ser	O Benfica foi o primeiro a ceder Jaime Graça , que fora o « solista » e o « maestro » que dera o « Lamiré » á equipa , pouco depois do quarto de hora , súbita e inesperadamente , « calou-se » .
n-é-verbo	O jogo começou com um remate de Eusébio que levou a bola às redes pelo lado de fora e Eusébio com golo ou sem golo continuou a ser tema dominante , pelo menos , durante toda a primeira parte .
n-é-verbo	Foi pena que « não visse » e pena foi , principalmente , que se tivessem dado esses casos , até porque , fora isso (e já não foi pouco , convenhamos) o jogo decorreu sempre do melhor modo para justificar a asserção de que , no futebol , o melhor que há são os jogadores e a hora e meia .
n-é-verbo	Dezanove tentos « soaram » nesta fornada , com três vencedores , em casa (o Benfica , o Porta e o Guimarães) e dois , fora (o Vitória de Setúbal e o Atlético) .
n-é-verbo	O do Restelo , ou o outro o que já vem tendo o hábito de ganhar fora , de casa ?
ser	Aquele « penalty » a três minutos do termo da partida quando se aguardava « mais o 2-1 para o F. C.orto do que para o Sporting » fora , indubitàvelmente , um duro castigo para o seu « onze » .
n-é-verbo	Temos quatro jogos « em casa » dois fora .
ser	O Benfica deu dois passos até à Tapadinha , para vencer , com dificuldade (2-0) , a « infeliz » equipa do Atlético , que lá vai , estrada em fora , « bonito » , sem dúvida , pouco eficiente , com certeza .
n-é-verbo	Quatro minutos depois , Eusébio , desarmado em falta por Armando esteve dois minutos dentro do campo e mais três fora , junto à linha lateral , a receber assistência mas voltou ao terreno ainda que , em certos lances , se mostrasse inferiorizado .
n-é-verbo	Um Atlético em função dum comportamento negativíssimo através de todo um Campeonato , poderia marcar a reedição do êxito , proporcionando ao mesmo tempo o brilharete exibicional que a equipa tem já atingido nos jogos disputados fora da área de Lisboa , mas que no Restelo , muito por obra dum empenho e duma determinação que até podiam ser louváveis não fora o que de obsessivo trazem junto , não atingiu ainda a materialização desejada .
ser	É certo que não foi ele quem marcou o golo , é também verdade que ao longo da segunda parte , especialmente , teve uma sólida cobertura nos caminhos que conduziam à baliza confiada à sua guarda , mas não deixa de ser igualmente exacto que , não fora a sua elasticidade muscular , atenção , audácia e valentia , mesmo , e o magnífico remate vitorioso de Estêvão e o aceitável labor da sua cortina defensiva teriam sido porventura , insuficientes para evitar que o Varzim empatasse , pelo menos .
ser	Carlos Baptista , embora lento e sem chama como fora um jogador acanhado , ele que tem uns pés maravilhosos e Estêvão , principalmente , subiram muito de cotação .
ser	Não sucedeu , porque a CUF propositadamente quebrou a cadência que fora mais vivaz logo a seguir ao intervalo , permitindo que os homens da Nazaré voltassem a exibir os seus dons , para marcarem mais um tento , muito bem preparado , numa veloz contra-ofensiva .
ser	Não fora esse tento e por certo o Leixões , naturalmente incapaz , por falta de garra , de velocidade , de simplicidade no seu futebol , ter-se-ia visto e desejado para eliminar um Olhanense que renunciou práticamente ao ataque e se limitou a defender , o melhor que soube e pôde , com a mira posta , repetimos , no melhor desfecho possível .
ser	Quando o F.C. Porto botou o pé no aeroporto da cidade , toda a multidão procurou descobrir José Maria Pedroto e os seus adesivos , já que , na véspera , chegara aqui o boato de que o excelente técnico fora agredido violentamente antes do encontro com o União de Tomar .
ser	Mais tarde , ao falarmos com os próprios futebolistas do Porto , houve dúvidas quanto ao seu autor , até que se chegou à conclusão de que fora Nóbrega quem conseguira levar a bola a ultrapassar a linha de baliza .
ser	Não podemos ir mais além , pois o crítico só pode garantir o que viu com exactidão e não pode transformar-se num para a história do jogo , este golo a ser sandonado , daria ao resultado a feição exacta , pois o « onze » lisboeta fora realmente , a melhor equipa sobre o terreno , até então .
n-é-verbo	Foi o cortejo pela estrada fora .
n-é-verbo	A equipa mostrar-se-ia , pelo tempo fora , de todo inadaptada a este tipo de jogo que não é o seu , começando assim por entregar , desde logo , todos os trunfos ao seu adversário , muito mais possante , muito mais experiente , com muito mais futebol nos pés e na cabeça .
ser	Coube esse golo decisivo ao União de Lamas , que assim incluiu o seu nome , pela segunda vez (a primeira fora em 1964) , na lista dos vencedores da prova , e ao Farense não restou outra alternativa que não fosse a de desejar que não disponha de novo ensejo para conquistar aquele título (porque é sinal de que não regressa á III Divisão) e de se lamentar do facto de ter sido a equipa que dominou muito mais tempo , territorialmente e que acabou por ser vencida .
n-é-verbo	A Taça , em duas mãos , tem este inconveniente , deixando que uma equipa , quando joga fora não mostre todos os seus recursos , não empenhe toda a sua energia .
n-é-verbo	Esse golo , fantástico pela inteligência do jogador , pelos seus reflexos , mais até do que pela execução , pois a bola poderia ter saído fora ou por alto , deram a ideia de que Eusébio , desde o começo muito aplicado , muito interessado no jogo , a revelar boa condição técnica , física e psicológica , especialmente a primeira e a última , deram aí a ideia dizíamos de que Eusébio ainda não terminara o seu « show » .
ser	Não fora , precisamente , a interrogação que precede os encontros e decerto muitas partidas não se realizariam , já que existindo um favorito ou clara superioridade de uma equipa sobre a outra se julgaria « a priori » um vencedor e um vencido .
ser	Mas essa fora apenas uma das poucas ocasiões deparadas á equipa visitante para modificar o resultado , pois durante todo o segundo período de jogo foram raros os remates atirados pelos dianteiros torrienses , por forma a pôr em perigo as redes contrárias .
ser	A turma lisboeta fez o seu jogo e fê-lo muito bem feito e se não fora as condições do terreno irem deteriorando-se é bem possível que as embalagens perigosíssimas de Laurindo e Saporiti ainda mais embaraçassem a defesa do F.C. Porto , especialmente durassem o tempo todo possibilitando mesmo a marcação eventual de algum golo .
n-é-verbo	Empate em Braga (1-1) ; derrota em Setúbal com o Vitória (0-3) ; derrota em Tomar com o União (0-1) ; derrota no Barreiro com o Barreirense (1-4) , derrota em « casa » com o F.C. Porto (1-2) ; empate fora com o Varzim (2-2) ; e , agora , na amena tarde de cintem , derrota em « casa » com o Benfica (0 2) .
ser	Mas na verdade , o esforço , que fora imenso na 1ª parte , foi superado neste segundo tempo .
ser	Bento , se não fora o lance do golo , a que atribuímos a sua responsabilidade , nada havia a apontar-lhe , muito embora os avançados « leoninos » lhe não criassem problemas complicados .
n-é-verbo	O seu comportamento , ontem , nas Antas , foi magnífico e é fora que os lugares se conquistam .
ser	Testemunha muito desatenta das vicissitudes do Campeonato Nacional , não sentiria coragem para o versar aqui se não fora a incumbência de o ver por um ângulo novo liberto dos seus motivos técnicos .
n-é-verbo	Esta ideia deve ter assaltado o árbitro , que começou então , à maneira do basquetebol a contar os minutos perdidos com as lesões , o que está certo , mas mesmo com as bolas fora quando eram atiradas pelos jogadores do Benfica .
ser	Se não fora o remate podia dizer-se um jogador completo .
ser	Também essa diferença nada teria de sensacional ou de vexatório , se não fora o caso de se lhe haverem juntado a circunstâncias estranhas ao jogo , essas , sim , merecedoras de reparo , dignas de lástima .
ser	Tudo quanto , nos derradeiros minutos de primeira parte , fora acrimónia , exaltação , espírito de revindicta e de indisciplina , ficou nas cabinas .
n-é-verbo	Tito apareceu endiabrado , Manuel José corria o campo e a réplica dos visitados , se bem que denodada e entusiástica , já não tinha a força anterior , com um meio-campo algo esgotado , mas chegou , mesmo assim , para obrigar o Tomar ao expediente das bolas fora .
n-é-verbo	É que , na verdade , os estudantes não se atreveram a jogar fora o seu prestígio e o do nosso futebol , enfrentando as turmas brasileiras com displicência , como se tivessem demandado as terras de Vera Cruz em simples viagem de turismo ou de semi-turismo .
n-é-verbo	Na presunção de que o Sporting , com um programa mais difícil e melindroso , tenha a sua escorregadela , Antas à parte , o F.C. Porto sente , naturalmente , que está na calha para o título , o que constituiria proeza de grande sensação depois da contra-safra da época passada em que a equipa , fora certa casmurrice directiva que lhe negou dois ou três reforços , se deixou cair numa auto-inferiorização , numa abulia , numa passividade em nada de harmonia com o nome e o prestígio do velho e glorioso F.C. Porto .
ser	Bem sabemos que a audácia conta muito em futebol , mas a saída de Malta da Silva que aliás fora responsável do primeiro golo sofrido , não beneficiou a equipa .
ser	O árbitro não hesitou , nem , em verdade , tinha que hesitar , tão visível fora a falta .
ser	Nesse lapso brevíssimo de três minutos , apenas três minutos , o Tirsense desperdiçou a mais clara oportunidade de marcar que lhe fora oferecida , desprezando o ensejo de se colocar na dianteira , e acabou por consentir um golo nas condições descritas , condições também estas de culpa própria , pelo que a sua derrota acabou por ser inapelável , certa , lógica e justa .
n-é-verbo	Como já se viu , essa medida do árbitro não deu o mais pequeno resultado , nem então , nem pelo tempo fora e chegou a ser « delicioso » vê-lo « tirar o número » a uni ou outro jogador que só tinha cometido aí uma dúzia de faltas , nomeadamente Nelson .
ser	Para a segunda parte , ainda havia o interesse de saber se fora o vento que , na primeira parte , empurrara o F.C. Porto para o domínio territorial e para o avanço no marcador .
ser	Ora , dois minutos depois , foi o Farense quem marcou em lance muito mais difícil para os algarvios do que fora o anterior para os lisboetas .
ser	Mesmo assim , o Sporting , apesar da sua expressiva supremacia territorial , não produzia lances de ataque para penetrar no sistema defensivo dos algarvios , criando lances de perigo , sim , mas em cruzamentos por alto , sempre difíceis e complicados , devendo , não obstante anotar-se , uma infiltração de Marinho pela esquerda , a qual poderia ter dado o almejado golo , se não fora uma hesitação do jogador lisboeta no momento do remate .
ser	Nem a temperatura esteve contra os setubalenses já que houve sol todos os dias e o frio foi menos intenso do que este que viemos encontrar em Lisboa , e se uma noite de grande inspiração do Vitória lhe permitiu aproveitar tudo isso muito bem , para fazer um resultado que até é realçado pelos resultados de alguns outros jogos « europeus » realizados no mesmo dia (com especial destaque para os 3-0 do Liverpool ao Bayern Munchen ...) , é tem certo que melhor o Vitória podia ter conseguido ainda , se não fora o tremendo erro do árbitro , ao assinalar um « penalty » que , realmente , não existiu .
ser	Nem sequer tinha necessidade de jogar muito bem , ou apenas bem , não só porque o nível e a categoria de algumas das suas exibições , especialmente na segunda metade da prova , bastariam para lhe dar um lugar de realce entre as grandes equipas do momento , em Portugal e no Mundo , como também porque , na hipótese de uma actuação medíocre , sempre haveria para os seus jogadores e adeptos o recurso a desculpa atenuante de que ela fora mera consequência do clima festivo , anormal , entorpecente , em que se realizara a partida .
n-é-verbo	E nunca o Vitória perderia a cabeça , pelo tempo fora , nem mesmo quando alguns jogadores estavam a deitar a língua pelos lábios , estoirados de tanto lutar .
n-é-verbo	Em face da dificuldade em penetrar na defesa sesimbrense , cremos que seria esse único caminho Indicado , mas nem António Jorge (apesar de ser o melhor dianteiro) , nem Manuel António (em visível baixa psicológica) , nem Serafim (muito igual , nas suas tentativas de bater o defesa pelo lado de fora , nem , depois , José Manuel (hábil , mas inconsequente) puderam pôr à prova muito mais do que boa vontade .
ser	Em treze minutos , a defesa da CUF fora batida por quatro vezes e só numa delas é que Ricardo não teve influência .
ser	Foi isso o que se não fez na defesa setubalense , mormente na primeira parte , e de aí bem poderia ter acontecido , não fora a evidente má forma de Abel e Lemos , qualquer perigo graúdo para Torres .
ser	E foi ainda por iniciativa do mesmo Canário que os visitantes estiveram à beira de marcar , se não fora a decisão com que Zeferino foi a seu encontro para lhe arrebatar a bola , em defesa de recurso .
n-é-verbo	Bolas fora , pancada e tudo menos futebol .
ser	Se , até então , o Torreense fora um conjunto oscilante e « engasgado » , a partir daí mais se agravaram as deficiências no seu « modus operandi » .
ser	A derrota fora assumida .
ser	Entrando para a segunda parte sem a responsabilidade de ter de partir do nada , o Farense , ensaboado e bem durante o descanso , viria a ser capaz de fazer bem aquilo que nos primeiros 45 minutos nunca fora capaz de acertar com as marcações e Águas .
ser	E foi passajando certeiramente que a equipa , de subjugada ou , pelo menos , a quem , até então , fora negada a possibilidade de um controlo real e efectivo da partida , saltou para os comandos e obrigou , lenta mas certeiramente , a que o seu adversário entrasse em desnorte .
ser	Denotava algum cansaço , porque o « sofrimento » no « banco » fora grande ...
n-é-verbo	Nesta fase da prova , é importante pontuar fora e os flavienses souberam gerir o tempo sem nunca descurarem a hipótese de ganhar algo mais .
n-é-verbo	No mais , eram alguns lançamentos em profundidade , com a bola a deslizar por ali fora , na esperança de igual comportamento da defesa do Torreense .
ser	A cabeçada de Figueiredo fora , também ela , dada pachorrentamente e Ziad ainda conseguiu meter o pé à bola e atirá-la para a baliza do Vitória , então já desguarnecida .
n-é-verbo	Mas é justo dizer-se que a dupla de centrais mexicana não é nada de se deitar fora , agressiva , com excelente tempo de corte , bem no jogo aéreo , a dar suficiente protecção a um guarda-redes de equipamento freneticamente colorido , mas de mínima estatura e de não muito maior segurança .
ser	Mas nessa fase o Beira-Mar já se mostrava uma equipa menos dinâmica e menos aguerrida do que o fora antes .
n-é-verbo	Um Boavista destes , ambicioso , disposto a acelerar rumo à baliza de Acácio , deveria , teoricamente , ir por ali fora , em velocidade , e resolver cedo a questão , mas do outro lado não estavam apenas meros observadores .
ser	Embora tenham sobrado momentos deveras relevantes , capazes de afectar aquilo a que poderíamos chamar o produto final , foi , todavia , o instante do golo portista o que mais mexeu com o jogo , Com efeito , ao transformar o « penalty » com que fora punido o adversário , o F.C. Porto sentiu que tinha dado um passo gigantesco no sentido de agarrar já o título a três jornadas do final do Campeonato .
n-é-verbo	Ia o Estrela a toda a brida por ali fora , o derradeiro quarto de hora iniciara-se com mais um lance de golo à vista na baliza dos pentacampeões (ataque de Miguel , desmarcação e remate de Lázaro na grande área) , entra em campo a dona sorte do jogo , Drulovic faz um cruzamento que até parece inofensivo , Jardel , de costas para a baliza , salta com Jorge Andrade , atrás de ambos , precipitadamente , salta também Tiago , mete meigamente a mão esquerda à bola e oferece a Jardel a oportunidade que sua excelência o goleador nº. 1 da Europa evidentemente aproveita .
n-é-verbo	Enquanto o V. Setúbal soma a sua décima derrota (quarta no Bonfim) e cava a posição no fundo da tabela , o Belenenses consegue o seu segundo triunfo nos últimos dois meses e pico (e segunda vitória fora no Campeonato) e respira mais fundo .
n-é-verbo	Numa ronda em que o factor casa pouco contou , também o Schalke venceu fora , na estreia de Emile Mpenza , a contratação mais cara de sempre do clube , tendo batido o lanterna vermelha Arminia Bielefeld por 2-1 .
n-é-verbo	Um encontro marcado excessivamente pela actual situação de ambas as equipas e que se arrastou pelo tempo fora sem que houvesse indícios de que algo poderia mudar .
ser	O esquema leiriense fora bem montado , não abriu brechas , esteve consolidado como o demonstra o posicionamento de Bilro , em "su " sitio quando Theodoro teve um golpe de cabeça excepcional e impediu o golo .
ser	Porque fora ele que controlara a partida desde a primeira apitadela de Jacinto Paixão .
ser	Portugal ganhou , desde já , com duas vitórias consecutivas neste Euro 2000, o direito a passar aos quartos-de-final da prova , confirmando todas as suas potencialidades e deixando no ar um sabor a vingança sobre os romenos , equipa que na fase de apuramento nunca fora derrotada pelos portugueses .
n-é-verbo	De então para cá nem uma nem outra das duas equipas revelou progressos , e se bem que dos setubalenses continue a faltar primeiro triunfo em jogo « fora » o que pode ser um acicate para a própria equipa no encontro de amanhã o Estoril acaba de sofrer duas derrotas seguidas e ambas « fora » o que pode ser um estimulante para quebrar a sequência .
n-é-verbo	Todos os outros concorrentes estão dentro dos números que tornam possível a sua candidatura , embora alguns deles , como o Vianense (com dois jogos fora) , o Casa Pia e a Cuf do Barreiro só por « milagre » a conseguiram obter .
n-é-verbo	Sem vitórias em « casa » , Leixões , Casa Pia , Cuf do Barreiro e Farense (este nem « fora » ) .
n-é-verbo	Académico de Viseu dois em « casa » ; ao União da Guarda dois « fora » ; e ao União de Coimbra e Torreense , um em « casa » e outro « fora » .
n-é-verbo	Parece-me que alguns dos elementos da equipa se inferiorizam quando jogamos fora .
n-é-verbo	Alguns elementos da nossa equipa estranham demasiadamente o ambiente quando vamos jogar fora .
n-é-verbo	Mas a final a bola acabou por sair fora .
n-é-verbo	O Campeonato lisboeta disputou-se numa fórmula algo complicada , e arrastou-se pela temporada fora , até misturar-se com o Campeonato de Portugal que naquele tempo era disputado por eliminatórias , como se fora a « Taça de Portugal » .
ser	Ora o Sporting pretendia que a primeira reunião não fora oficial , pela natureza da convocação , e que fora no dia 24 que se determinara a data do jogo .
ser	E não fora o « massacre » a que a equipa se sujeitou , no choque constante e ríspido imposto pelos ingleses é muito possível , até , que o empate cedido a quatro minutos do final não tivesse surgido .
n-é-verbo	Com os resultados do dia , as vitórias em « casa » passaram para 120 (57 no Norte e 63 no Sul) , os empates subiram para 50 (28 no Norte e 22 no Sul) e as vitórias « fora » ascendem a 25 (12 no Norte e 13 no Sul) .
n-é-verbo	Nos treze desafios realizados registaram-se nove vitórias em « casa » (três no Norte e seis no Sul) , dois empates (um em cada Zona) e duas vitórias « fora » (ambas no Norte) .
n-é-verbo	O F. C.orto , SP. Braga e Boavista continuam sem ganhar fora , muito embora bracarenses e « axadrezados » sejam os únicos que ainda não conseguiram qualquer ponto extra-muros .
n-é-verbo	O U. Santarém em jogos fora defende-se bem-parecer de Angel Oñoro .
n-é-verbo	Os espinhenses têm empatado muito , mais no seu campo que « fora » , mas desta vez trata-se de situação diferente e talvez venham a beneficiar do facto da vitória ser a única solução que serve aos locais , portanto , com a obrigatoriedade de a alcançarem .
n-é-verbo	novo contra-ataque , ainda mais rápido que o anterior , Edilson outra vez na jogada , Isaías « desembestado » por ali fora e pronto , 2-0, jogo arrumado .
n-é-verbo	O major Valentim Loureiro , que assistiu ao jogo no túnel de acesso aos balneários , teve o primeiro acesso de irritação teria mais , pelo tempo fora .
n-é-verbo	Mais uma vitória fora .
ser	Depois de na última semana o Paços ter ascendido ao segundo lugar do pódio , eis que o Leça volta à posição que já fora sua , mediante uma vitória convincente frente ao Aves (3-0) .
ser	Cinco minutos depois , da mesma zona , onde João Vieira Pinto fora derrubado em falta , arrancou um pontapé fulminante e estabeleceu o empate .
n-é-verbo	Quem também se desloca fora para defender a vantagem de um golo é o Paris SG .
n-é-verbo	Um Golo de cabeça do médio Eusébio , aos 68 minutos , no campo do Felgueiras , garantiu ao Tirsense a primeira vitória fora na presente época .
n-é-verbo	O Barcelona , onde militam Baía , Figo e Couto , qualificou-se para os quartos-de-final da Taça das Taças , após ter empatado fora a um golo com os jugoslavos do Estrela Vermelha , prevalecendo desta forma os dois golos de vantagem da primeira mão .
n-é-verbo	Nos jogos que efectuámos fora conseguimos boas exibições , só que os resultados foram-nos adversos , principalmente com o Campomaiorense e a Académica .
n-é-verbo	Ganhar fora sem Jardel e a poupar Esquerdinha é tudo menos mau nesta equipa um tanto intranquila , faltosa , e que perdeu para o próximo encontro a dupla de centrais Aloísio-Jorge Costa .
n-é-verbo	Esses atributos têm estado a valer suadas vitórias fora e a causar calafrios nos jogos em casa porque no Sporting não existem mágicos .
ser	Mas o Sporting até poderia ter chegado ao 3-0, não fora o remate sair disparatado a Toñito (87) .
ser	Mas Portugal , afinal , não fizera outra coisa que não fosse devolver à Roménia o amargo desaire das Antas , na fase de apuramento , também conseguido nos derradeiros momentos e num jogo no qual a equipa nacional fora nitidamente superior (além de ter desperdiçado uma grande penalidade) .
n-é-verbo	O Real Madrid , por sua parte , jogará apenas três encontros no seu campo e quatro fora .
ser	Muito mais , muitíssimo mais , certos no sistema defensivo , os rapazes de Arroios empurraram quase constantemente o jogo para o meio campo do adversário e se não fora a pecha de levantarem sistematicamente a bola , favorecendo a desorientada defesa dos casapianos , estamos em crer , seriam eles que no próximo domingo defrontariam o vencedor do encontro Barreirense-Cova da Piedade .
n-é-verbo	No dia em que um deles vença fora poder ser dado como campeão ...
ser	A sua vitória poderia até ter sido mais expressiva , se não fora a sucessão de lances desperdiçados pelos dianteiros muitos deles é certo , em virtude da actuação do guarda-redes contrário .
ser	A atenção e decisão de Isaurindo bastaram para matar todas as ofensivas dos estorilistas e , se não fora a transformação de uma grande penalidade , mesmo assim convertida por um defesa , a equipa regressava « em branco » à capital .
n-é-verbo	Pelo menos os resultados que faz em Olhão e fora assim o deixam perceber ...
n-é-verbo	ter , no começo do jogo , transformado uma « bola fora » num pontapé de « canto » contra a Académica .
ser	Não fora o trabalho acertadíssimo , mesmo brilhante , do defesa central do Porto e talvez a segunda parte do desafio « complicasse » ainda mais o resultado para os nortenhos .
ser	O grupo da Tapadinha fora , sem sombra de dúvida , a melhor equipa , apenas cedendo um tento à beira do intervalo .
ser	De resto , os jogadores da Tapadinha não contestaram a falta , mas sim o local onde ela fora cometida .
ser	Com um final quase imperceptível desfez o equívoco , e como o jogo fora interrompido , só podia recomeçar nas condições em que o juiz de campo o fez .
n-é-verbo	Acresce que a turma algarvia tem feito últimamente belos resultados fora e os seus adeptos desejavam verificar até que ponto tais êxitos correspondiam à forma e capacidade do « onze » .
ser	Na véspera , fora uma reportagem da TVE a tocar no tema , recordando que Serra Ferrer dispensou Baía no início da época -- e , mais importante , insinuando que não o deveria ter feito .
n-é-verbo	Fernando Santos começou por surpreender , atirando Capucho de novo para o banco , para apostar na irrequietude de Cândido Costa , repetindo o onze que dera boa conta de si em Campo Maior , no último encontro que fizera fora .
ser	Uma exibição poupada mas eficiente , na qual a equipa lusa soube gerir o esforço (como lhe fora aconselhado na véspera do encontro) , passeando a sua classe em alguns momentos da partida .
n-é-verbo	O meia-esquerda a Simão , mas o ponteiro desperdiça , atirando fora .
n-é-verbo	A verdade é que apesar da falha de Lorenzo que redundou no segundo goal do Fluminense e , antes ainda , da falha de Índio , que desnecessariamente fez um penalty -- o penalty que foi fora — o Fluminense se considerou com a vitória nas mãos .
n-é-verbo	Uma , a primeira , quando vi Nestor shootar fora o penalty .
ser	Diante de um adversário que também tinha coração , foram de igual para igual em ardor e nos últimos segundos conseguiram a vitoria que fora adiada de domingo .
ser	Porem o « complot » fora descoberto e todas as disposições necessarias foram tomadas para evitar outra tentativa de fuga .
n-é-verbo	Salta Baltazar e o couro parece ganhar as redes , mas a pelota acaba de bater na rede pelo lado de fora .
n-é-verbo	Alem disso os suiços foram para a cera , para as bolas fora , até para os corners .
n-é-verbo	Pelo menos , de boca pra fora .
ser	E , certamente não fora o football assim como é , tão pouco matemático , naturalmente que o Brasil não teria empatado com a Suiça (malgrado o « ferrolho » ) ; a Inglaterra perdido dos Estados Unidos (malgrado sua superioridade em 30 minutos da batalha , para não se falar em tradição , que nada importa neste momentos , e nem a Italia teria perdido da Suecia (em que pese a atuação estupefaciente de Svensson e o abuso de confiança dos « azuis » ) , que já parecem fora de tempo para serem computados .
n-é-verbo	Qualquer equipe , em seu campo ou fora , pode incorrer nesse desastre , mesmo no apogeu de uma sua campanha .
n-é-verbo	A um só dia do término da grande jornada da épica jornada de 1950, concentram-se novamente os jogadores brasileiros Para a ratificação do êxito jamais alcançado , dentro ou fora , do país por qualquer equipe nacional .
ser	E ele , rei da França , fora feito prisioneiro , não obstante a bravura de sua resistência .
n-é-verbo	Perdemos o título ou mais do que isso , pusemos fora una título que as opiniões estrangeiras mais descrentes acerca dos brasileiros , a princípio , acabaram por reconhecer de pois que somente caberia por justiça ao Brasil !
ser	Não fora a contusão de Augusto e tudo estaria esclarecido entre os cruzmaltinos para a peleja desta noite .
n-é-verbo	Testemunhou-se Patalino perder magnifica oportunidade , quando só a frente de Penalva atirou fora .
ser	mas não fora a segurança de alguns elementos individualmente falando e dificilmente poderia o campeão oriental chegar a tão desejada vitoria .
n-é-verbo	Bola fora .
n-é-verbo	Quese marquem jogos para outro estadio -- para a maioria dos matches , os da Copa Rio estão fora , é claro , o Maracanã está longe de ser indispensavel -- mas que se revolva o seu gramado .
ser	O pano de amostra , porem , já fora exibido .
ser	Pois bem , agora que o team campeão da « Taça Rio » era lider invicto do campeonato (até domingo) se apresentava mais do que nunca habilitado a não dar a mínima confiança ao « fator campo » (na rodada passada o derrotado pela Ponte Preta fora o Santos) , aconteceu tombar sem apelação mesmo dominando , mesmo com os 16 escanteios a seu favor , mesmo com duas ou três bolas nas traves , mesmo com o goleiro Clasco bancando o Viola ...
n-é-verbo	Os teams que iam disputar um jogo fora se intimidavam mais com a perspectiva de uma vitória do que de uma derrota .
n-é-verbo	A Portuguesa , sem Nininho , perdeu o ponta de diamante do seu ataque ; o Palmeiras sem Lima nada teve a perder , já que Liminha tomou o seu lugar , já porque Jair jogou uma enormidade , nos parecendo absurdo o fato de o ataque alvi-verde não ter marcado nenhum goal , fora o penalty , com Jair desenhando ações de tentos com pequenos intervalos .
n-é-verbo	A única oportunidade real de gol desse tempo foi perdida por Lincoln , aos 36 minutos , quando , com sua grande altura , subiu mais que todo mundo na área do Bonsucesso e cabeceou fora uma bola batida do córner , por Taduche .
ser	Todos queriam saber se ele fora boicotado pelos companheiros .
ser	O Presidente do Vasco , à tarde , disse que até aquele momento não fora procurado por qualquer dirigente do clube paulista e negava a possibilidade de que Brito não jogasse contra o Coritiba .
ser	o Botafogo não obteve a classificação para o turno decisivo porque fora , de todos os clubes cariocas , o mais sacrificado pela seleção brasileira , tendo cedido os seus atacantes titulares .
ser	Os brasileiros foram melhores -- respondeu Ramsey quando alguém lhe lembrou que no jogo contra os romenos ele havia dito que a Romênia fora fraca na zaga .
ser	Exceto em 20 minutos , quanto produziu um futebol de ação e efeito muito semelhante ao do Santos em sua grande fase , a seleção brasileira não teve a mesma atenção dos jogos anteriores , nem o cuidado de proteger-se como lhe fora recomendado .
ser	O primeiro tempo não fora bom , com os dois times embolados .
n-é-verbo	É claro que a torcida grita pelo time da casa , mas todo time que vai jogar fora está preparado para isso .
n-é-verbo	Quem perde está fora .
n-é-verbo	Outro recuperado e que poderá jogar é o atacante Gleisson , enquanto o lateral Nonato está fora por ter sido suspenso , contra o Bahia .
n-é-verbo	La Coruña joga fora com Sevilha .
n-é-verbo	Um dos bêbados tirou « as coisas » pra fora e urinou na perna do negão que lhe deu um soco na cara .
ser	E fora Gil !
n-é-verbo	Fogão vence fora .
n-é-verbo	O atacante França perdeu boa oportunidade ao chutar a bola na rede pelo lado de fora .
n-é-verbo	Muitos disseram que foi dinheiro jogado fora .
n-é-verbo	Bastaram 77 minutos para que ficasse demonstrado o quanto Roger fez falta ao Fluminense nas cinco partidas em que ficou fora .
n-é-verbo	O Vasco perdeu mais dois pontos importantes em casa e precisa recuperá-los nas partidas que disputará fora .
n-é-verbo	Jogar fora tem sido melhor .
n-é-verbo	A verdade é que , fora o passe para o gol de Reinaldo , Pet apenas reclamou do juiz e deu um show à parte .
ser	O lateral-esquerdo Vítor , outro que fora afastado , também foi reintegrado ao grupo .
n-é-verbo	Sangaletti , com sinusite ; e Élder , com estiramento na virilha direita , estão fora .
n-é-verbo	Após um longo período fora tenho uma nova oportunidade .
n-é-verbo	Somos prejudicados tanto fora quanto dentro de campo .
ir	Campeã quatro anos antes , na Suécia , a Seleção fora ao Chile para confirmar a sua supremacia no futebol .
n-é-verbo	Depois ; de entrar na area , quis fazer o gol com muita classe e chutou na rede , pelo lado de fora .
n-é-verbo	Tostão já está fora e mais três podem sair .
n-é-verbo	Tenho dado a vida para melhorar (seu desempenho) e quando estava fora torcia muito pelo clube .
n-é-verbo	Se Canhotinho estivesse numa tarde rnais feliz poderia só ele ter marcado cinco tentos , fora as outras bolas que foram perdidas por Bovio , Harl e Lima livres completamente à frente da meta alvi-anil .
n-é-verbo	Abelardo , por exemplo , ganharia um premio pelas bolas fora que atirou na primeira fase .
n-é-verbo	Ou atirava fora , ou o arqueiro neutralizava .
n-é-verbo	Reage o Vila Nova e quando Osorio se preparava para concluir foi chargeado por Zu , dentro da área tendo Francisco Trindade marcado « penalty » Osorio é encarregado de cobrar a penalidade , atirando o couro fora ; como Orlando se movimentara indevidamente , Trindade ordena nova cobrança .
ir	Ao 11 minuto do reinicio , Carbone , semi-isolado , ganhou campo aberto , fintou Renato II que fora ao seu encalço , já na pequena area , enganou ainda Nelson , com uma esquiva de corpo e mandou a bola às redes .
n-é-verbo	A torcida grita para que não joguem a bola fora , mas Zeca não quer saber .
ir	Por volta das 17 horas fora todos no IFA , onde receberam duchas e massagens .
n-é-verbo	O que valera , em experiência , os anos que ficara fora .
n-é-verbo	Isso porque após a contenda contra o onze riopretenso estará o « Mais Querido » deslocando-se Para Araraquara a fim de enfrentar a Ferroviaria Porisso , na sexta-feira as sãopaulinos estarão rumando para Termas de Ibirá e passarão fora urna semana , só retornando a capital depois do compromisso na Morada do Sol " Hoje cedo os jogadores estarão se apresentando ao técnico Diede Lameiro para o seu Primeiro individual (que vai ser puxado) quando então será organizado o programa de treinamento da Semana .
n-é-verbo	E no duro mesmo , o unico que jogou fora e não perdeu foi o Noroeste .
ser	É evidente que se trata de um pretexto , para mascarar a intencional quebra do contrato a têrmo , em parte do clube , tanto mais evidente êsse pretexto quando se tem em mente que o autor fora licenciado no mesmo dia 2-12-70 pelo próprio vice-presidente de futebol , fato êste publico e notório , noticiado por toda a imprensa escrita e falada .
ser	Isso aconteceu exatamente na terça-feira , após o ultimo jogo do campeonato , que fora contra o Corinthians .
ser	Terminara a construção do estadio de futebol do Morumbi , e reconquistara , em agosto , o titulo de campeão paulista , que fora seu pela ultima vez em 1957 .
n-é-verbo	Assim , acho que não tem importancia se atuarmos fora ou dentro de São Paulo .
n-é-verbo	Em seguida Romualdo bobeou , Joca passou por ele , mas na saída de Chiquinho atirou fora .
n-é-verbo	Enquanto o Benazzi esteve fora eu como seu auxiliar assumi a equipe .
n-é-verbo	Dentro de campo lutamos muito , mas fora , não tem de haver inimizade entre os atletas » .
n-é-verbo	Flamengo , fora , (15/9) e Coritiba (11/9) , Juventude (19/9) e Gama (25/9) , todos em casa .
ser	Na segunda etapa , jogando com um atleta a mais porque Flávio , zagueiro do time paranaense , fora expulso , o São Paulo pressionou e conseguiu recuperar a vantagem .
n-é-verbo	O meio-campista Luiz Enrique volta à equipe depois de dois jogos fora por contusão .
n-é-verbo	Amanhã (hoje) , vamos trabalhar fora .
n-é-verbo	A partir de 98, com a chegada do técnico Leão , começou a mudança , com a melhora do índice de aproveitamento em jogos fora , mas a queda na obtenção de pontos na Vila .
n-é-verbo	Belleti deve ficar fora também da partida contra o Grêmio , quarta-feira .
ser	Estávamos entre 76 e 78, e o grande clássico da cidade (Come-Fogo) , nosso maior desafio , fora determinado para o sábado seguinte .
n-é-verbo	Flávio diz que a habilidade de Edílson e Denílson é fora clo comum , mas que ela deve ser usada para atacar e não para menosprezar .
n-é-verbo	Eu estava de cabeça quente , respondi ao Zé Mário e agora estou fora lamentou o jogador .
n-é-verbo	Jogando fora , não estamos tendo o mesmo aproveitamento que temos no Morumbi .
ser	A última vez que o técnico havia escalado dois atacantes natos fora contra o Coritiba , quando jogaram Marco Brito e Anderson .
n-é-verbo	Sobre a queda de rendimento do Galo fora , Renato explicou .
ser	Corte fora a barra estreita abaixo da larga , dando aumento para costuras .
ser	Corte fora a guarnição do bôlso pelo traço nele marcado (no molde) depois corte o bôlso e respectiva guarnição 2 vezes , cada qual .
n-é-verbo	Este é para você ir a um chá ou jantar fora .
n-é-verbo	Caloicicle põe a beleza prá fora !
n-é-verbo	Outras trabalham fora .
n-é-verbo	As que trabalham fora e as estudantes têem grandes aliados nos conjuntos de saia , blusa e pulover , que permitem infinidade de variações no quarda-roupa de todos os dias .
ser	Os castiçais não são usados em almôço , pois não poderiam ser acesos quando fora esplende o sol .
ser	O abade Godin , que fora um dos mais entusiastas sustentaculos da Fundação , dedicou-se em Lisieux inteiramente ao povo .
n-é-verbo	As encomendas são muitas , mas , mesmo o Washington estimando e trabalhando fora , conseguimos dar conta do recado .
n-é-verbo	Pra não dar bola fora , não pode ter quadris largos .
n-é-verbo	A adolescência tem destas coisas , uma revolução de gostos que ficam vida fora , nem .
ser	Perdera a vista e fora destituída da audição .
n-é-verbo	Não há , sequer , atenuante fora desses casos , podendo ocorrer agravante se o indivíduo cometer o crime depois de embriagar-se propositadamente para tal fim .
ser	Aliás , a extensão de âmbito do S.E.S .P. não prejudicou , de forma alguma , aquelas regiões do país em cujo benefício fora originariamente constituído .
ser	Durante a transfusão , nenhuma sintomatologia fora observada que prenunciasse o próximo choque .
ser	Entretanto , nos casos em que a contaminação era flagrante , em que a lesão fora demasiadamente manipulada pelo próprio paciente ou por outras pessoas e o contacto com o meio séptico era evidente dar vestes , terra , água , algodão séptico , etc .), empregávamos água oxigenada e permanganato de potássio e mesmo álcool iodado .
n-é-verbo	O novo termômetro de plástico , concebido pelo laboratório americano Bio Kinetics , dispensa a coluna de mercúrio , fornece a resposta em 30 segundos e pode ser jogado fora sem maior constrangimento -- ele custa apenas 50 centavos .
ser	Gregg , preocupado com a alta incidência de catarata congénita em crianças , concluiu que a causa fora a epidemia de rubéola ocorrida na Austrália , em 1940 .
n-é-verbo	A caixa é composta de um pequeno frasco , contendo um pó amarelo , e uma ampola com diluente acompanhado de uma seringa plástica com agulha própria , que deve ser jogada fora depois da aplicação .
n-é-verbo	Acabam as aulas e lá vai você com a turma da faculdade jogar conversa fora no barzinho .
n-é-verbo	Em casa , jogava a comida do prato fora quando a mãe não estava olhando .
ser	Se o portador da úlcera já fora obeso , essa conduta falo-á engordar ainda mais .
n-é-verbo	Um sinal de alarme é quando ela não consegue se manter desperta fora desses horários .
n-é-verbo	Sou universitária , estudo arquitetura e trabalho fora .
ser	Digno de registo , também , a reactivação de antigas lesões , verificadas , de forma um pouco dramática , num conhecido jogador a quero o C. M. D. recusara o Certificado de Aptidão Desportiva e que fora observado radioscopicamente menos de dois meses antes do incidente actual , sem que se observasse a mais pequena mudança em leses que , há 4 anos , permaneciam inalteráveis .
ser	Dignos de registo , também , a reactivação de antigas lesões , verificadas , de forma um pouco dramática , num conhecido jogador a quero o C. M. D. recusara o Certificado de Aptidão Desportiva e que fora observado radioscopicamente menos de dois meses antes do incidente actual , sem que se observasse a mais pequena mudança em leses que , há 4 anos , permaneciam inalteráveis .
n-é-verbo	Além disto , o reumatismo faz frequentes localizações no coração e daí podem advir graves doenças cardíacas , que perduram sempre pela vida fora podendo equilibrar-se mas não curando nunca .
ser	A palavra gripe é de origem francesa e parece ter sido pela primeira vez usada em 1743 para designar uma doença caracterizada por « gripper » , por atacar subitamente , como se fora com garras , os indivíduos indefesos e impreparados .
n-é-verbo	Frequentemente , esse cansaço é acompanhado por distúrbios nervosos , atribuídos aos cuidados com as crianças , ao barulho que fazem quando brincam , à falta de repouso , à ansiedade causada pela correria , sono insuficiente , actividades que obrigam a ficar de pé muito tempo , monotonia do trabalho , solidão , sentimento de inferioridade em relação às mulheres que trabalham fora e preocupações com dinheiro .
n-é-verbo	E já é sabido que os filhos não se sentem que a mãe passe algumas horas fora.
n-é-verbo	Se Sílvia amanhã resolvesse trabalhar fora , não poderia correr assim para a sua casa funcionar .
n-é-verbo	O que tem a fazer é deitar fora esses produtos que tanto mal lhe causaram e tratar a sua pele , curando-a da sequidão que é a causa principal das rugas e pés de galinha .
n-é-verbo	Quem desde a infância se habituou a sofrer , e pela vida fora sempre teve dificuldades a vencer , será um espírito de escol , se além disto teve uma boa preparação .
ser	Torça uma velha toalha turca , como se fora um grande chouriço -- ou como para dela expulsar toda a água -- 20 a 40 vezes seguidas .
ser	Segundo os jornais ingleses , o homem fora tratado de um cancro da pele por meio de enxertos de hormonas femininas .
ser	Há 15 anos , Irvin S. Cobb , homem forte e jovial , caiu gravemente enfermo num hotel de Boston , quando realizava uma série de conferências ; sofrera uma hemorragia interna e fora desenganado .
ser	Nessa tarde fui informada pelo telefone que meu marido fora morto na batalha da Grã-Bretanha .
n-é-verbo	segundo indica o Dr. Rosental , não se devem deitar fora as cascas das laranjas , que ele emprega com vantagem para combater a prisão de ventre .
ir	Como quer que fosse , o certo é que um médico português que fora trabalhar no hospital de Groot Schuur , com a equipa de Barnard , um bom número de meses , ao regressar recentemente ao seu país foi logo à chegada a Lisboa entrevistado pelos jornalistas e disse -- disse um jornal pelo menos -- que aquela transplantação cardíaca apenas tivera por objectivo prolongar a vida em melhores condições , ao enfermo , por mais algum tempo , e que o maior problema -- o da rejeição dos órgãos -- esse estava a cargo dos imunologistas .
ser	Pareceu-me que ele falava de boa fé e totalmente surpreendido com essa metástase , que jamais tinha previsto , uma vez que o tumor primitivo fora reabsorvido .
ser	O processo do five o 'clock tea há muito que fora feito pelos moralistas , mas nunca suscitara revelação tão brutal .
n-é-verbo	O Dr. Saltman , bioquímico prestigioso , faria melhor se tocasse a sua atenção nos disparates que em tal matéria se cometem por esse globo fora , e se cuidasse de alertar as populações , e até os governos , contra a falta de escrúpulos bem patenteada nos processos das grandes empresas de fabrico de alimentos refinados , logo adulterados , mas em nome duma falsa higiene , e duma civilização que assenta nas aparências , no culto dos rótulos sedutores para ignorante ver .
ser	Tais são os dados naturais , mas neste caso , tal como em muitos outros capítulos , o homem perturba e modifica o que fora criado em seu benefício .
n-é-verbo	Imaginemos que se leva à boca uma substância irritante mas que , ao notar-se que é nociva , se deita fora .
n-é-verbo	O homem de hoje , que come à tripa , fora « falsos alimentos humanos » , desencadeia três vezes por dia no seu sangue uma invasão de leucócitos convidando à leucemia .
ser	Nestas condições tratámos um doente de 50 anos que , alguns anos antes , enquanto tomava banho numa praia , fora atingido , nas costas , pela queda de outro banhista , que se lançava para um mergulho , felizmente de pouca altura .
ser	Um dos seus métodos preferidos para tratar as pessoas era o emprego de água fria , pois fora por esse meio que ele próprio se havia curado .
ser	Esse artigo já fora publicado noutro periódico e dado o seu conteúdo , mereceu as honras de figurar em « Selecções » (cabe informar que os textos presentes na edição americana não são necessariamente os mesmos que figuram na edição brasileira , à venda em Portugal) .
n-é-verbo	Essa reserva de vitalidade traz-se à nascença , mas , pela vida fora , quase toda a gente assume o inconcebível propósito de a gestão e , o que é ainda pior , de desnaturar a estrutura e os processos íntimos da vida cometendo toda a espécie de asneiras contra a saúde .
n-é-verbo	Tinham urna colocação fora .
ser	Tomemos o exemplo da meninazinha que fora pela mãe ensinada a não arranjar amizade com qualquer estranho .
ser	A razão da sua ansiedade d via-se a que seu filho , que sempre fora muito vivaz , física e mentalmente , passara gradualmente a ser reservado nos brinquedos e a atrasar-se nos deveres escolares .
n-é-verbo	A expira , isto é , a saída do ar dos pulmões deve fazer-se pelo nae a inspiração , entrada de ar , a boca , enquanto que fora , só se deve aconselhar a inspiração pelo nariz e a expiração pela boca .
n-é-verbo	As cicatrizes físicas costumam ficar , pela vida fora , sem falar no seu efeito psicológico que pode dar um certo sentimento de inferioridade -- o que não é menor problema .
ser	Uma delas , filha de boa família , não fora mordida , mas arranhada com a pata por cima dos olhos .
ser	Um menino de catorze amos fora admitido no hospital com a idade de nove , porque perdera , repentinamente , a vista ; esta perda de visão fora seguida de grande dor de cabeça .
ser	A princípio ficou aturdida , sentindo que fora descoberta e não mais poderia fugir à verdade , ergueu-se de um salto e irrompeu em impropérios .
ser	Admitiu odiar profundamente o homem que fora bom para ela de muitas maneiras .
ser	Um cirurgião do exército dos Estados Unidos , Guilherme Beaumont , foi uma das primeiras pessoas a estudar o funcionamento do estômago , em 1822, ao observar a abertura no estômago de Aleixo S. Martin que fora ferido por uma bala .
n-é-verbo	Podeis estar certos que , se dedicardes aos vossos filhos , com amor , momentos tão preciosos de intimidade , eles nunca vos hão-de envergonhar pela vida fora .
ir	O império dos Césares teve bem o fim que fora preparando , mergulhado nas trevas da mais sórdida imoralidade .
n-é-verbo	Mas pela fazenda fora , quase não há uma casa imune .
n-é-verbo	É esta uma forma de acto sexual incompleta , em que o homem interrompe o coito , antes da ejaculação do semen na vagina , permitindo que o orgasmo se produza fora .
n-é-verbo	Por vezes , o marido sai com os amigos ou vai a um desafio de futebol na localidade , ou fora ; outras vezes vai passar a tarde dos dias de descanso com os amigos .
ser	Um dos seus métodos preferidos para tratar as pessoas , era o uso de água fria , pois fora assim que ele se havia curado .
ser	Vendo bem , o que o sinuoso politiqueiro se apressava a fazer , para que se não dissesse que estava a perder o combóio da mediatização , era « cavalgar » as propostas tácticas que o reforçado líder do PSD fizera dias antes -- este , por sua vez , na cola de uma « abertura » que lhe fora por aquele proporcionada tempos atrás .
ser	Não fora esta iniciativa editorial , que serve de pretexto a meia dúzia de páginas sobre os comunistas , e lá se nos escapava o evento .
ser	Mas , após negociações difíceis , fora possível estruturar uma ampla , embora frágil coligação de partidos de esquerda .
ser	Uma posição interessante , não fora dar-se o caso de Ginandjar ser justamente o mesmo que já ocupava o cargo .
ser	como se isto fora pouco , há ainda a intenção de « separar as águas » , que é como quem diz tratar de forma diversa os menores considerados « vítimas » e os menores classificados de « delinquentes » , sendo que os primeiros são considerados « em risco » e os segundos « responsabilizados perante a justiça » .
ser	Compareceu e sujeitou-se a uma pequena entrevista por parte de uma velhota que , nos seus tempos , fora uma conhecida artista de teatro .
ser	E todos penetravam , quisessem ou não , a atmosfera única que fora a do histórico « Globe Theatre » ora silenciosa , ora tumultuosa o mundo shakespeareano onde as qualidades e os vícios dos homens tão claramente se reflectem .
ser	Diana Andrinda , Presidente do Sindicato dos Jornalistas , impedida à última hora de corresponder ao convite que lhe fora feito , transmitiu a sua inteira disponibilidade para em próxima ocasião participar num debate deste ciclo.
ser	O lema deste Encontro ' Só o Portugal de Abril respeitará o Outono da Vida ' fora já adoptado pelo MURPI .
n-é-verbo	A resistência e persistência afastam sempre os obstáculos que nos surgem pela vida fora e ajudam-nos a reforçar a nossa consciência de classe .
ser	Dizia-se nos meios bancários da capital portuguesa , em fins dos anos 50, que a falência da firma de que Mr. Worsdell era gerente fora originada por dívidas de mais de 20 000 contos .
n-é-verbo	Daquilo que observamos , o « whisky » que se bebe por esse país fora é suspeito quanto à sua qualidade .
ser	Raticidas causaram a morte do peixe no Tejo -- a 'confirmação ' fora colhida de 'um relatório do INIP ao qual o DN teve acesso ' e , em 25/10, Macário assegurava que esse relatório iria ser 'publicado dentro de alguns dias ' e , naturalmente , esclareceria tudo .
ser	E o sempre inconformado e antieuropeista PCP do Dr. Carvalhas acaba de manifestar-se como o mais feroz adversário do mesmo referendo (sobre o Tratado de Amsterdão) pelo qual fora o primeiro a fazer campanha a favor do não .
ser	que ali se aplica é a japonesa » , acrescentou Joaquim Gaspar , que pouco antes da conferência de imprensa fora solicitado para uma reunião com o presidente da Câmara de Viana e o director da Optec , onde este negou .
ser	Que fora brutalmente espancado , já depois de estar caído por terra , por dois 'seguranças ' da dita discoteca comprava o registo captado por uma câmara de filmar de um posto de gasolina próximo do local dos incidentes .
ser	Um jovem morreu num hospital de Lisboa na sequência do espancamento de que fora alvo , na madrugada de domingo , por parte de dois homens cuja missão , teoricamente , é garantir a .
n-é-verbo	Com isto ficam excluídos todos os acidentes que se produzirem fora desses calendários e que são , normalmente , os que maiores prejuízos provocam .
ser	O analfabetismo fora praticamente eliminado antes da Segunda Guerra Mundial pelo governo da Frente Popular , de Pedro Aguirre Cerda .
ser	Este , que fora substituído no cargo há 4 meses , foi agora apresentado por Boris Ieltsin como um « peso pesado » que .
ser	Anteontem , o presidente russo emitiu mais um decreto ordenando ao governo cessante que continue em funções até à formação do novo executivo , evitando assim um vazio político que não fora previsto na demissão de domingo e permitindo especulações sobre alguma demora na formação do novo executivo .
n-é-verbo	É a política tipo descartável , de usar e deitar fora.
ser	Se não fora a luta ...
n-é-verbo	Nas datas e destinos , multiplicados por outras tantas paragens , simbolizados estavam em carimbos de passaporte os locais de chegada de compatriotas nossos que , por motivos vários , incluíndo a busca de melhor vida , rumaram País fora .
n-é-verbo	E com um exemplo se pretendem apagar as misérias várias e numerosas que por aí vão , País fora .
n-é-verbo	Mas não tenhamos ilusões sobre as inúmeras fraudes e irregularidades que por este País fora são executadas e quais são as suas consequências .
ser	E acabaram por ficar a saber que o falado projecto de instalação da OEM em Braga nunca fora apresentado às autoridades competentes , nem foram dadas quaisquer garantias de apoio pelo Governo .
ir	O general devia ir ao distrito de Braga em campanha de propaganda eleitoral , da mesma forma que fora a todos os outros .
ser	Quem conhece o funcionamento dos bancos e a psicologia dos banqueiros não teve hesitação em concluir , desde o primeiro minuto , que o instinto inicial dos participantes nesta operação fora o de salvarem-se a si mesmos deixando o LTCM e os seus dirigentes na estrada da falência e do desprestígio .
ser	Pequenos corretores ao serviço de clientes cujos investimentos se haviam perdido , todos fumando em cadeia , não conseguiam sequer imaginar como fora possível que tudo aquilo tivesse acontecido .
ser	O seu fundador , John Meriwether , fora um dos mais prestigiados « Masters of the Universe » (Mestres do Universo) como administrador de investimentos no Solomon Brothers , hoje desaparecido , durante os anos 80 .
ser	Em Cuba , que fora bordel e quinta dos EUA , surgiu o primeiro estado socialista das Américas .
ser	Desta vez , porém , esses novos empréstimos parecem difíceis de concretizar porque o FMI , nas condições actuais , perdeu a capacidade de intervenção que lhe fora destinada .
ser	de ser satisfatória , pena é que este diploma não tenha sido acompanhado de outro documento governamental , como aliás fora prometido , definindo com clareza as grandes opções da política naquele domínio , por forma a ' conferir estabilidade .
n-é-verbo	Hoje , a Nato quer intervir em qualquer parte , 'fora da área ' .
ser	Somente quem esteve em Matozinhos naquela noite pode avaliar plenamente a força do sentimento internacionalista que a presença estimulante e as palavras de Fidel contribuiram para fazer subir numa multidão que vibrava como se fora um corpo único .
n-é-verbo	porque « recusa deitar janela fora as suas convicções e trair o seu voto na Assembleia da República » .
ser	a assistência exigiu aos responsáveis ministeriais que dirigiam os trabalhos para que se cumprisse o objectivo de se ouvir a população , recordando que a sessão fora oficialmente organizada como « audiência pública » .
n-é-verbo	todos os auditórios por essa Europa fora -- em França , na Bélgica , na Alemanha , etc.
n-é-verbo	Citamos estes dois países , mas podíamos citar muitos outros por essa Europa fora , a começar na Alemanha .
n-é-verbo	Anda 'o governo em diálogo ' país fora , segundo se diz para se inteirar da realidade nacional .
ser	Após a morte de Calvi , Marcinkus fora intimado por um tribunal italiano a prestar declarações , o que nunca se verificou até hoje .
ser	Com o tempo que a tudo vai dando talho (como talvez Camões dissesse se vivo fora) , quem sabe se um ou outro desígnio não se irá tornando cada vez menos insondável , cada vez mais sondável ...
ser	Já poderia surpreender um pouco que a sua transmissão ocorresse às 21 horas , como ocorreu , se não fora uma certa tradição de temas de artes e letras , na 2, aos domingos e por aquela hora .
ser	A moção , « pensada em parceria com António Vitorino » e « escrita por este » , fora debatida , no dia anterior , no Secretariado Nacional do PS onde , « tirando algumas vírgulas » de discórdia , parece .
n-é-verbo	Foi então que o aprendiz imaginou que talvez houvesse ainda uma maneira de tornar a lançar os barcos à água , por exemplo , mover a própria terra e pô-la a navegar pelo mar fora .
ser	O seu povo , tão carente de bens essenciais , sentiu como se fora seu o infortúnio dos irmãos da América Central .
ser	Administração Local e Ordenamento do Território foi questionada pelo STAL sobre tal atraso , mas respondeu apenas que o assunto fora remetido para publicação no « Diário da República » .
ser	perdura há quase quatro décadas , agravado por esse monstro jurídico conhecido por « lei Helms-Burton » como se fora pouco , os Estados Unidos também concentram contra Cuba a mais brutal campanha de desinformação , manipulação política e desestabilização .
n-é-verbo	Esta tese , formulada em linguagem tão terra-a-terra e tão transparente , é susceptível de captar sectores do eleitorado que vão desde os chefes dos grandes grupos económicos até aos carteiristas que operam , país fora , nos espaços propícios à boa concretização dos seus objectivos .
n-é-verbo	É neste espírito que , para além das diferenças de situações que caracterizam os nossos respectivos países e da diversidade de abordagens existente entre os nossos partidos , formulamos grandes objectivos comuns pelos quais desejamos agir , no seio da União Europeia para a maior parte de nós , ou fora deste quadro para alguns .
ser	Esta , aliás , parece que já fora marxista ou coisa parecida .
n-é-verbo	Deitara fora recordações de Carlos Prestes .
ser	A martirizada Rússia , cuja economia havia já sido reduzida para metade do que fora na era soviética por uma década de restauração capitalista , após a derrocada do Verão passado viu o seu PIB encolher em mais cerca de 10% .
ser	O jovem executivo informou que não , que não fora um chicago boy .
?	fora .
n-é-verbo	Em quantas ocasiões nos sucedeu reler uma obra , daquelas que nos acompanham pela vida fora , e darmos conta de que a interpretamos de modo diferente , ao sabor dos anos que decorreram ?
n-é-verbo	Das montanhas do Sudeste da Anatólia , onde resiste longe dos 'media ', e da emigração e exílio , o movimento de libertação do povo curdo lançou-se às ruas , na Turquia e por essa Europa fora , para manifestar com veemência a sua revolta e indignação para com aqueles que , como os governos e serviços secretos dos EUA , da Grécia e de Israel , intervieram na obscura e criminosa operação que conduziu Ocalan à prisão .
ser	Mr. Weeden acabaria por admitir que praticou « erros e omissões » e que « não fora capaz de exercer as suas próprias faculdades críticas » para corrigir a estratégia de Crampton .
